Unity Editor version:    2022.2.3f1 (55531d7fa82e)
Branch:                  2022.2/release
Build type:              Release
Batch mode:              YES
System name:             Linux
Distro version:          #66-Ubuntu SMP Fri Jan 20 14:29:49 UTC 2023
Kernel version:          5.15.0-60-generic
Architecture:            x86_64
Available memory:        15888 MB
Using pre-set license
Pro License: YES
Desktop is 1920 x 1080 @ 60 Hz
Initialize udev device monitor.

COMMAND LINE ARGUMENTS:
Unity
-adb2
-batchMode
-noUpm
-name
AssetImportWorker0
-projectPath
/home/dam2a/rollAball
-logFile
Logs/AssetImportWorker0.log
-srvPort
35081
Successfully changed project path to: /home/dam2a/rollAball
/home/dam2a/rollAball
[UnityMemory] Configuration Parameters - Can be set up in boot.config
    "memorysetup-bucket-allocator-granularity=16"
    "memorysetup-bucket-allocator-bucket-count=8"
    "memorysetup-bucket-allocator-block-size=33554432"
    "memorysetup-bucket-allocator-block-count=8"
    "memorysetup-main-allocator-block-size=16777216"
    "memorysetup-thread-allocator-block-size=16777216"
    "memorysetup-gfx-main-allocator-block-size=16777216"
    "memorysetup-gfx-thread-allocator-block-size=16777216"
    "memorysetup-cache-allocator-block-size=4194304"
    "memorysetup-typetree-allocator-block-size=2097152"
    "memorysetup-profiler-bucket-allocator-granularity=16"
    "memorysetup-profiler-bucket-allocator-bucket-count=8"
    "memorysetup-profiler-bucket-allocator-block-size=33554432"
    "memorysetup-profiler-bucket-allocator-block-count=8"
    "memorysetup-profiler-allocator-block-size=16777216"
    "memorysetup-profiler-editor-allocator-block-size=1048576"
    "memorysetup-temp-allocator-size-main=16777216"
    "memorysetup-job-temp-allocator-block-size=2097152"
    "memorysetup-job-temp-allocator-block-size-background=1048576"
    "memorysetup-job-temp-allocator-reduction-small-platforms=262144"
    "memorysetup-temp-allocator-size-background-worker=32768"
    "memorysetup-temp-allocator-size-job-worker=262144"
    "memorysetup-temp-allocator-size-preload-manager=33554432"
    "memorysetup-temp-allocator-size-nav-mesh-worker=65536"
    "memorysetup-temp-allocator-size-audio-worker=65536"
    "memorysetup-temp-allocator-size-cloud-worker=32768"
    "memorysetup-temp-allocator-size-gi-baking-worker=262144"
    "memorysetup-temp-allocator-size-gfx=262144"
Player connection [140523691377600] Host "[IP] 10.0.9.8 [Port] 0 [Flags] 2 [Guid] 1573448690 [EditorId] 1573448690 [Version] 1048832 [Id] LinuxEditor(16,10.0.9.8) [Debug] 1 [PackageName] LinuxEditor [ProjectName] Editor" joined multi-casting on [225.0.0.222:54997]...

Player connection [140523691377600] Host "[IP] 10.0.9.8 [Port] 0 [Flags] 2 [Guid] 1573448690 [EditorId] 1573448690 [Version] 1048832 [Id] LinuxEditor(16,10.0.9.8) [Debug] 1 [PackageName] LinuxEditor [ProjectName] Editor" joined alternative multi-casting on [225.0.0.222:34997]...

Unable to load player prefs
Refreshing native plugins compatible for Editor in 6,45 ms, found 0 plugins.
Preloading 0 native plugins for Editor in 0,00 ms.
Initialize engine version: 2022.2.3f1 (55531d7fa82e)
[Subsystems] Discovering subsystems at path /home/dam2a/Unity/Hub/Editor/2022.2.3f1/Editor/Data/Resources/UnitySubsystems
[Subsystems] Discovering subsystems at path /home/dam2a/rollAball/Assets
GLX Extensions: GLX_ARB_context_flush_control GLX_ARB_create_context GLX_ARB_create_context_no_error GLX_ARB_create_context_profile GLX_ARB_create_context_robustness GLX_ARB_fbconfig_float GLX_ARB_framebuffer_sRGB GLX_ARB_get_proc_address GLX_ARB_multisample GLX_EXT_buffer_age GLX_EXT_create_context_es2_profile GLX_EXT_create_context_es_profile GLX_EXT_fbconfig_packed_float GLX_EXT_framebuffer_sRGB GLX_EXT_no_config_context GLX_EXT_swap_control GLX_EXT_swap_control_tear GLX_EXT_texture_from_pixmap GLX_EXT_visual_info GLX_EXT_visual_rating GLX_MESA_copy_sub_buffer GLX_MESA_query_renderer GLX_MESA_swap_control GLX_OML_swap_method GLX_OML_sync_control GLX_SGIS_multisample GLX_SGIX_fbconfig GLX_SGIX_pbuffer GLX_SGIX_visual_select_group GLX_SGI_make_current_read GLX_SGI_video_sync 
Renderer: Mesa Intel(R) HD Graphics 630 (KBL GT2)
Vendor:   Intel
Version:  4.6 (Core Profile) Mesa 22.2.5
GLES:     0
 GL_3DFX_texture_compression_FXT1 GL_AMD_conservative_depth GL_AMD_depth_clamp_separate GL_AMD_draw_buffers_blend GL_AMD_gpu_shader_int64 GL_AMD_multi_draw_indirect GL_AMD_performance_monitor GL_AMD_pinned_memory GL_AMD_query_buffer_object GL_AMD_seamless_cubemap_per_texture GL_AMD_shader_stencil_export GL_AMD_shader_trinary_minmax GL_AMD_texture_texture4 GL_AMD_vertex_shader_layer GL_AMD_vertex_shader_viewport_index GL_ANGLE_texture_compression_dxt3 GL_ANGLE_texture_compression_dxt5 GL_ARB_ES2_compatibility GL_ARB_ES3_1_compatibility GL_ARB_ES3_2_compatibility GL_ARB_ES3_compatibility GL_ARB_arrays_of_arrays GL_ARB_base_instance GL_ARB_blend_func_extended GL_ARB_buffer_storage GL_ARB_clear_buffer_object GL_ARB_clear_texture GL_ARB_clip_control GL_ARB_compressed_texture_pixel_storage GL_ARB_compute_shader GL_ARB_compute_variable_group_size GL_ARB_conditional_render_inverted GL_ARB_conservative_depth GL_ARB_copy_buffer GL_ARB_copy_image GL_ARB_cull_distance GL_ARB_debug_output GL_ARB_depth_buffer_float GL_ARB
_depth_clamp GL_ARB_derivative_control GL_ARB_direct_state_access GL_ARB_draw_buffers GL_ARB_draw_buffers_blend GL_ARB_draw_elements_base_vertex GL_ARB_draw_indirect GL_ARB_draw_instanced GL_ARB_enhanced_layouts GL_ARB_explicit_attrib_location GL_ARB_explicit_uniform_location GL_ARB_fragment_coord_conventions GL_ARB_fragment_layer_viewport GL_ARB_fragment_shader GL_ARB_fragment_shader_interlock GL_ARB_framebuffer_no_attachments GL_ARB_framebuffer_object GL_ARB_framebuffer_sRGB GL_ARB_get_program_binary GL_ARB_get_texture_sub_image GL_ARB_gl_spirv GL_ARB_gpu_shader5 GL_ARB_gpu_shader_fp64 GL_ARB_gpu_shader_int64 GL_ARB_half_float_pixel GL_ARB_half_float_vertex GL_ARB_indirect_parameters GL_ARB_instanced_arrays GL_ARB_internalformat_query GL_ARB_internalformat_query2 GL_ARB_invalidate_subdata GL_ARB_map_buffer_alignment GL_ARB_map_buffer_range GL_ARB_multi_bind GL_ARB_multi_draw_indirect GL_ARB_occlusion_query2 GL_ARB_parallel_shader_compile GL_ARB_pipeline_statistics_query GL_ARB_pixel_buffer_object GL_ARB_po
int_sprite GL_ARB_polygon_offset_clamp GL_ARB_post_depth_coverage GL_ARB_program_interface_query GL_ARB_provoking_vertex GL_ARB_query_buffer_object GL_ARB_robust_buffer_access_behavior GL_ARB_robustness GL_ARB_sample_shading GL_ARB_sampler_objects GL_ARB_seamless_cube_map GL_ARB_seamless_cubemap_per_texture GL_ARB_separate_shader_objects GL_ARB_shader_atomic_counter_ops GL_ARB_shader_atomic_counters GL_ARB_shader_ballot GL_ARB_shader_bit_encoding GL_ARB_shader_clock GL_ARB_shader_draw_parameters GL_ARB_shader_group_vote GL_ARB_shader_image_load_store GL_ARB_shader_image_size GL_ARB_shader_objects GL_ARB_shader_precision GL_ARB_shader_stencil_export GL_ARB_shader_storage_buffer_object GL_ARB_shader_subroutine GL_ARB_shader_texture_image_samples GL_ARB_shader_texture_lod GL_ARB_shader_viewport_layer_array GL_ARB_shading_language_420pack GL_ARB_shading_language_include GL_ARB_shading_language_packing GL_ARB_spirv_extensions GL_ARB_stencil_texturing GL_ARB_sync GL_ARB_tessellation_shader GL_ARB_texture_barrier G
L_ARB_texture_buffer_object GL_ARB_texture_buffer_object_rgb32 GL_ARB_texture_buffer_range GL_ARB_texture_compression_bptc GL_ARB_texture_compression_rgtc GL_ARB_texture_cube_map_array GL_ARB_texture_filter_anisotropic GL_ARB_texture_float GL_ARB_texture_gather GL_ARB_texture_mirror_clamp_to_edge GL_ARB_texture_multisample GL_ARB_texture_non_power_of_two GL_ARB_texture_query_levels GL_ARB_texture_query_lod GL_ARB_texture_rectangle GL_ARB_texture_rg GL_ARB_texture_rgb10_a2ui GL_ARB_texture_stencil8 GL_ARB_texture_storage GL_ARB_texture_storage_multisample GL_ARB_texture_swizzle GL_ARB_texture_view GL_ARB_timer_query GL_ARB_transform_feedback2 GL_ARB_transform_feedback3 GL_ARB_transform_feedback_instanced GL_ARB_transform_feedback_overflow_query GL_ARB_uniform_buffer_object GL_ARB_vertex_array_bgra GL_ARB_vertex_array_object GL_ARB_vertex_attrib_64bit GL_ARB_vertex_attrib_binding GL_ARB_vertex_buffer_object GL_ARB_vertex_shader GL_ARB_vertex_type_10f_11f_11f_rev GL_ARB_vertex_type_2_10_10_10_rev GL_ARB_viewpor
t_array GL_ATI_blend_equation_separate GL_ATI_texture_float GL_EXT_EGL_image_storage GL_EXT_EGL_sync GL_EXT_abgr GL_EXT_blend_equation_separate GL_EXT_demote_to_helper_invocation GL_EXT_draw_buffers2 GL_EXT_draw_instanced GL_EXT_framebuffer_blit GL_EXT_framebuffer_multisample GL_EXT_framebuffer_multisample_blit_scaled GL_EXT_framebuffer_object GL_EXT_framebuffer_sRGB GL_EXT_memory_object GL_EXT_memory_object_fd GL_EXT_packed_depth_stencil GL_EXT_packed_float GL_EXT_pixel_buffer_object GL_EXT_polygon_offset_clamp GL_EXT_provoking_vertex GL_EXT_semaphore GL_EXT_semaphore_fd GL_EXT_shader_framebuffer_fetch GL_EXT_shader_framebuffer_fetch_non_coherent GL_EXT_shader_integer_mix GL_EXT_shader_samples_identical GL_EXT_texture_array GL_EXT_texture_compression_dxt1 GL_EXT_texture_compression_rgtc GL_EXT_texture_compression_s3tc GL_EXT_texture_filter_anisotropic GL_EXT_texture_integer GL_EXT_texture_sRGB GL_EXT_texture_sRGB_R8 GL_EXT_texture_sRGB_decode GL_EXT_texture_shadow_lod GL_EXT_texture_shared_exponent GL_EXT_t
exture_snorm GL_EXT_texture_swizzle GL_EXT_timer_query GL_EXT_transform_feedback GL_EXT_vertex_array_bgra GL_EXT_vertex_attrib_64bit GL_IBM_multimode_draw_arrays GL_INTEL_blackhole_render GL_INTEL_conservative_rasterization GL_INTEL_performance_query GL_INTEL_shader_atomic_float_minmax GL_INTEL_shader_integer_functions2 GL_KHR_blend_equation_advanced GL_KHR_blend_equation_advanced_coherent GL_KHR_context_flush_control GL_KHR_debug GL_KHR_no_error GL_KHR_parallel_shader_compile GL_KHR_robust_buffer_access_behavior GL_KHR_robustness GL_KHR_texture_compression_astc_ldr GL_KHR_texture_compression_astc_sliced_3d GL_MESA_framebuffer_flip_y GL_MESA_pack_invert GL_MESA_shader_integer_functions GL_MESA_texture_signed_rgba GL_NV_compute_shader_derivatives GL_NV_conditional_render GL_NV_copy_image GL_NV_depth_clamp GL_NV_fragment_shader_interlock GL_NV_packed_depth_stencil GL_NV_texture_barrier GL_OES_EGL_image GL_S3_s3tc
OPENGL LOG: Creating OpenGL 4.6 graphics device ; Context level  <OpenGL 4.5> ; Context handle -2102206272
Initialize mono
Mono path[0] = '/home/dam2a/Unity/Hub/Editor/2022.2.3f1/Editor/Data/Managed'
Mono path[1] = '/home/dam2a/Unity/Hub/Editor/2022.2.3f1/Editor/Data/MonoBleedingEdge/lib/mono/unityjit-linux'
Mono config path = '/home/dam2a/Unity/Hub/Editor/2022.2.3f1/Editor/Data/MonoBleedingEdge/etc'
Using monoOptions --debugger-agent=transport=dt_socket,embedding=1,server=y,suspend=n,address=127.0.0.1:56883
Begin MonoManager ReloadAssembly
Registering precompiled unity dll's ...
Register platform support module: /home/dam2a/Unity/Hub/Editor/2022.2.3f1/Editor/Data/PlaybackEngines/AndroidPlayer/UnityEditor.Android.Extensions.dll
Register platform support module: /home/dam2a/Unity/Hub/Editor/2022.2.3f1/Editor/Data/PlaybackEngines/LinuxStandaloneSupport/UnityEditor.LinuxStandalone.Extensions.dll
Registered in 0,013206 seconds.
- Loaded All Assemblies, in  0,452 seconds
Native extension for LinuxStandalone target not found
Native extension for Android target not found
Android Extension - Scanning For ADB Devices 233 ms
Mono: successfully reloaded assembly
- Finished resetting the current domain, in  0,631 seconds
Domain Reload Profiling:
	ReloadAssembly (256ms)
		BeginReloadAssembly (83ms)
			ExecutionOrderSort (0ms)
			DisableScriptedObjects (0ms)
			BackupInstance (0ms)
			ReleaseScriptingObjects (0ms)
			CreateAndSetChildDomain (1ms)
		LoadAllAssembliesAndSetupDomain (0ms)
			LoadAssemblies (81ms)
			RebuildTransferFunctionScriptingTraits (0ms)
			SetupTypeCache (187ms)
				TypeCache.Initialize (186ms)
					TypeCache.ScanAssembly (185ms)
				ResolveRequiredComponents (0ms)
		FinalizeReload (0ms)
			ReleaseScriptCaches (0ms)
			RebuildScriptCaches (0ms)
			SetupLoadedEditorAssemblies (553ms)
				LogAssemblyErrors (0ms)
				InitializePlatformSupportModulesInManaged (326ms)
				SetLoadedEditorAssemblies (6ms)
				RefreshPlugins (0ms)
				BeforeProcessingInitializeOnLoad (1ms)
				ProcessInitializeOnLoadAttributes (149ms)
				ProcessInitializeOnLoadMethodAttributes (70ms)
				AfterProcessingInitializeOnLoad (0ms)
				EditorAssembliesLoaded (0ms)
			ExecutionOrderSort2 (0ms)
			AwakeInstancesAfterBackupRestoration (0ms)
========================================================================
Worker process is ready to serve import requests
Begin MonoManager ReloadAssembly
Symbol file LoadedFromMemory doesn't match image /home/dam2a/rollAball/Library/PackageCache/com.unity.visualscripting@1.8.0/Editor/VisualScripting.Core/Dependencies/YamlDotNet/Unity.VisualScripting.YamlDotNet.dll
Symbol file LoadedFromMemory doesn't match image /home/dam2a/rollAball/Library/PackageCache/com.unity.visualscripting@1.8.0/Editor/VisualScripting.Core/Dependencies/DotNetZip/Unity.VisualScripting.IonicZip.dll
- Loaded All Assemblies, in  1,191 seconds
Refreshing native plugins compatible for Editor in 3,53 ms, found 0 plugins.
Native extension for LinuxStandalone target not found
Native extension for Android target not found
Mono: successfully reloaded assembly
- Finished resetting the current domain, in  0,921 seconds
Domain Reload Profiling:
	ReloadAssembly (313ms)
		BeginReloadAssembly (172ms)
			ExecutionOrderSort (0ms)
			DisableScriptedObjects (10ms)
			BackupInstance (0ms)
			ReleaseScriptingObjects (1ms)
			CreateAndSetChildDomain (43ms)
		LoadAllAssembliesAndSetupDomain (876ms)
			LoadAssemblies (106ms)
			RebuildTransferFunctionScriptingTraits (0ms)
			SetupTypeCache (828ms)
				TypeCache.Initialize (457ms)
					TypeCache.ScanAssembly (450ms)
				ResolveRequiredComponents (5ms)
		FinalizeReload (0ms)
			ReleaseScriptCaches (0ms)
			RebuildScriptCaches (0ms)
			SetupLoadedEditorAssemblies (675ms)
				LogAssemblyErrors (0ms)
				InitializePlatformSupportModulesInManaged (29ms)
				SetLoadedEditorAssemblies (13ms)
				RefreshPlugins (0ms)
				BeforeProcessingInitializeOnLoad (98ms)
				ProcessInitializeOnLoadAttributes (480ms)
				ProcessInitializeOnLoadMethodAttributes (42ms)
				AfterProcessingInitializeOnLoad (12ms)
				EditorAssembliesLoaded (1ms)
			ExecutionOrderSort2 (0ms)
			AwakeInstancesAfterBackupRestoration (5ms)
Launched and connected shader compiler UnityShaderCompiler after 0.02 seconds
Refreshing native plugins compatible for Editor in 3,55 ms, found 0 plugins.
Preloading 0 native plugins for Editor in 0,00 ms.
Unloading 3737 Unused Serialized files (Serialized files now loaded: 0)
Unloading 29 unused Assets / (49,6 KB). Loaded Objects now: 4204.
Memory consumption went from 0,56 GB to 0,56 GB.
Total: 7,983693 ms (FindLiveObjects: 0,402930 ms CreateObjectMapping: 0,774141 ms MarkObjects: 6,481416 ms  DeleteObjects: 0,323606 ms)

AssetImportParameters requested are different than current active one (requested -> active):
  custom:container-demuxer-ogg: 62fdf1f143b41e24485cea50d1cbac27 -> 
  custom:video-decoder-ogg-theora: a1e56fd34408186e4bbccfd4996cb3dc -> 
  custom:container-demuxer-webm: 4f35f7cbe854078d1ac9338744f61a02 -> 
  custom:container-muxer-webm: aa71ff27fc2769a1b78a27578f13a17b -> 
  custom:video-decoder-webm-vp8: 9c59270c3fd7afecdb556c50c9e8de78 -> 
  custom:AudioImporter_EditorPlatform: 2f0ff77a95e0ac474e3e8eeba4e2f7cb -> 
  custom:video-encoder-webm-vp8: eb34c28f22e8b96e1ab97ce403110664 -> 
  custom:audio-decoder-ogg-vorbis: bf7c407c2cedff20999df2af8eb42d56 -> 
  custom:audio-encoder-webm-vorbis: bf7c407c2cedff20999df2af8eb42d56 -> 
========================================================================
Received Import Request.
  Time since last request: 8918,130014 seconds.
  path: Assets/Prefabs/Cube.prefab
  artifactKey: Guid(530345bda9bc54798a5211bdddb1507d) Importer(815301076,1909f56bfc062723c751e8b465ee728b)
Number of updated assets reloaded before import = 0
Start importing Assets/Prefabs/Cube.prefab using Guid(530345bda9bc54798a5211bdddb1507d) Importer(815301076,1909f56bfc062723c751e8b465ee728b)  -> (artifact id: 'd4672bdfb0bde17804d5ef5be23716ea') in 0,176809 seconds 
Number of asset objects unloaded after import = 7
========================================================================
Received Prepare
Begin MonoManager ReloadAssembly
Symbol file LoadedFromMemory doesn't match image /home/dam2a/rollAball/Library/PackageCache/com.unity.visualscripting@1.8.0/Editor/VisualScripting.Core/Dependencies/YamlDotNet/Unity.VisualScripting.YamlDotNet.dll
Symbol file LoadedFromMemory doesn't match image /home/dam2a/rollAball/Library/PackageCache/com.unity.visualscripting@1.8.0/Editor/VisualScripting.Core/Dependencies/DotNetZip/Unity.VisualScripting.IonicZip.dll
- Loaded All Assemblies, in  1,133 seconds
Refreshing native plugins compatible for Editor in 3,98 ms, found 0 plugins.
Native extension for LinuxStandalone target not found
Native extension for Android target not found
Mono: successfully reloaded assembly
- Finished resetting the current domain, in  1,149 seconds
Domain Reload Profiling:
	ReloadAssembly (257ms)
		BeginReloadAssembly (159ms)
			ExecutionOrderSort (0ms)
			DisableScriptedObjects (6ms)
			BackupInstance (0ms)
			ReleaseScriptingObjects (0ms)
			CreateAndSetChildDomain (60ms)
		LoadAllAssembliesAndSetupDomain (873ms)
			LoadAssemblies (78ms)
			RebuildTransferFunctionScriptingTraits (0ms)
			SetupTypeCache (840ms)
				TypeCache.Initialize (448ms)
					TypeCache.ScanAssembly (437ms)
				ResolveRequiredComponents (5ms)
		FinalizeReload (0ms)
			ReleaseScriptCaches (0ms)
			RebuildScriptCaches (0ms)
			SetupLoadedEditorAssemblies (641ms)
				LogAssemblyErrors (0ms)
				InitializePlatformSupportModulesInManaged (33ms)
				SetLoadedEditorAssemblies (12ms)
				RefreshPlugins (0ms)
				BeforeProcessingInitializeOnLoad (92ms)
				ProcessInitializeOnLoadAttributes (459ms)
				ProcessInitializeOnLoadMethodAttributes (34ms)
				AfterProcessingInitializeOnLoad (11ms)
				EditorAssembliesLoaded (0ms)
			ExecutionOrderSort2 (0ms)
			AwakeInstancesAfterBackupRestoration (6ms)
Refreshing native plugins compatible for Editor in 3,33 ms, found 0 plugins.
Preloading 0 native plugins for Editor in 0,00 ms.
Unloading 3731 Unused Serialized files (Serialized files now loaded: 0)
Unloading 21 unused Assets / (31,9 KB). Loaded Objects now: 4218.
Memory consumption went from 0,56 GB to 0,56 GB.
Total: 8,005474 ms (FindLiveObjects: 0,557870 ms CreateObjectMapping: 0,981122 ms MarkObjects: 6,364816 ms  DeleteObjects: 0,099016 ms)

AssetImportParameters requested are different than current active one (requested -> active):
  custom:container-demuxer-ogg: 62fdf1f143b41e24485cea50d1cbac27 -> 
  custom:video-decoder-ogg-theora: a1e56fd34408186e4bbccfd4996cb3dc -> 
  custom:container-demuxer-webm: 4f35f7cbe854078d1ac9338744f61a02 -> 
  custom:container-muxer-webm: aa71ff27fc2769a1b78a27578f13a17b -> 
  custom:video-decoder-webm-vp8: 9c59270c3fd7afecdb556c50c9e8de78 -> 
  custom:AudioImporter_EditorPlatform: 2f0ff77a95e0ac474e3e8eeba4e2f7cb -> 
  custom:video-encoder-webm-vp8: eb34c28f22e8b96e1ab97ce403110664 -> 
  custom:audio-decoder-ogg-vorbis: bf7c407c2cedff20999df2af8eb42d56 -> 
  custom:audio-encoder-webm-vorbis: bf7c407c2cedff20999df2af8eb42d56 -> 
========================================================================
Received Import Request.
  Time since last request: 163,058511 seconds.
  path: Assets/Prefabs/Cube.prefab
  artifactKey: Guid(530345bda9bc54798a5211bdddb1507d) Importer(815301076,1909f56bfc062723c751e8b465ee728b)
Number of updated assets reloaded before import = 0
Start importing Assets/Prefabs/Cube.prefab using Guid(530345bda9bc54798a5211bdddb1507d) Importer(815301076,1909f56bfc062723c751e8b465ee728b)  -> (artifact id: '8043caa46acee6dc24a3d14d990697fe') in 0,089812 seconds 
Number of asset objects unloaded after import = 8
========================================================================
Received Prepare
Begin MonoManager ReloadAssembly
Symbol file LoadedFromMemory doesn't match image /home/dam2a/rollAball/Library/PackageCache/com.unity.visualscripting@1.8.0/Editor/VisualScripting.Core/Dependencies/YamlDotNet/Unity.VisualScripting.YamlDotNet.dll
Symbol file LoadedFromMemory doesn't match image /home/dam2a/rollAball/Library/PackageCache/com.unity.visualscripting@1.8.0/Editor/VisualScripting.Core/Dependencies/DotNetZip/Unity.VisualScripting.IonicZip.dll
- Loaded All Assemblies, in  0,884 seconds
Refreshing native plugins compatible for Editor in 3,29 ms, found 0 plugins.
Native extension for LinuxStandalone target not found
Native extension for Android target not found
Mono: successfully reloaded assembly
- Finished resetting the current domain, in  0,979 seconds
Domain Reload Profiling:
	ReloadAssembly (226ms)
		BeginReloadAssembly (135ms)
			ExecutionOrderSort (0ms)
			DisableScriptedObjects (6ms)
			BackupInstance (0ms)
			ReleaseScriptingObjects (0ms)
			CreateAndSetChildDomain (49ms)
		LoadAllAssembliesAndSetupDomain (655ms)
			LoadAssemblies (62ms)
			RebuildTransferFunctionScriptingTraits (0ms)
			SetupTypeCache (630ms)
				TypeCache.Initialize (342ms)
					TypeCache.ScanAssembly (335ms)
				ResolveRequiredComponents (5ms)
		FinalizeReload (0ms)
			ReleaseScriptCaches (0ms)
			RebuildScriptCaches (0ms)
			SetupLoadedEditorAssemblies (544ms)
				LogAssemblyErrors (0ms)
				InitializePlatformSupportModulesInManaged (28ms)
				SetLoadedEditorAssemblies (11ms)
				RefreshPlugins (0ms)
				BeforeProcessingInitializeOnLoad (85ms)
				ProcessInitializeOnLoadAttributes (380ms)
				ProcessInitializeOnLoadMethodAttributes (30ms)
				AfterProcessingInitializeOnLoad (10ms)
				EditorAssembliesLoaded (0ms)
			ExecutionOrderSort2 (0ms)
			AwakeInstancesAfterBackupRestoration (5ms)
Refreshing native plugins compatible for Editor in 3,47 ms, found 0 plugins.
Preloading 0 native plugins for Editor in 0,00 ms.
Unloading 3731 Unused Serialized files (Serialized files now loaded: 0)
Unloading 21 unused Assets / (31,9 KB). Loaded Objects now: 4221.
Memory consumption went from 0,56 GB to 0,56 GB.
Total: 5,166618 ms (FindLiveObjects: 0,384738 ms CreateObjectMapping: 0,629326 ms MarkObjects: 4,108705 ms  DeleteObjects: 0,042469 ms)

AssetImportParameters requested are different than current active one (requested -> active):
  custom:container-demuxer-ogg: 62fdf1f143b41e24485cea50d1cbac27 -> 
  custom:video-decoder-ogg-theora: a1e56fd34408186e4bbccfd4996cb3dc -> 
  custom:container-demuxer-webm: 4f35f7cbe854078d1ac9338744f61a02 -> 
  custom:container-muxer-webm: aa71ff27fc2769a1b78a27578f13a17b -> 
  custom:video-decoder-webm-vp8: 9c59270c3fd7afecdb556c50c9e8de78 -> 
  custom:AudioImporter_EditorPlatform: 2f0ff77a95e0ac474e3e8eeba4e2f7cb -> 
  custom:video-encoder-webm-vp8: eb34c28f22e8b96e1ab97ce403110664 -> 
  custom:audio-decoder-ogg-vorbis: bf7c407c2cedff20999df2af8eb42d56 -> 
  custom:audio-encoder-webm-vorbis: bf7c407c2cedff20999df2af8eb42d56 -> 
========================================================================
Received Import Request.
  Time since last request: 885,277379 seconds.
  path: Assets/Script/rotation.cs
  artifactKey: Guid(7571b6e3567706e57a5bb82bbab11ba6) Importer(815301076,1909f56bfc062723c751e8b465ee728b)
Number of updated assets reloaded before import = 0
Start importing Assets/Script/rotation.cs using Guid(7571b6e3567706e57a5bb82bbab11ba6) Importer(815301076,1909f56bfc062723c751e8b465ee728b)  -> (artifact id: '5b31ee9c8ebc68305c57586a9ab311d0') in 0,010910 seconds 
Number of asset objects unloaded after import = 0
========================================================================
Received Import Request.
  Time since last request: 10,063208 seconds.
  path: Assets/Prefabs/Cube.prefab
  artifactKey: Guid(530345bda9bc54798a5211bdddb1507d) Importer(815301076,1909f56bfc062723c751e8b465ee728b)
Number of updated assets reloaded before import = 0
Start importing Assets/Prefabs/Cube.prefab using Guid(530345bda9bc54798a5211bdddb1507d) Importer(815301076,1909f56bfc062723c751e8b465ee728b)  -> (artifact id: '44ec6553d87d764260caffe0468d199a') in 0,067428 seconds 
Number of asset objects unloaded after import = 8
========================================================================
Received Import Request.
  Time since last request: 102,763901 seconds.
  path: Assets/Prefabs/Cube.prefab
  artifactKey: Guid(530345bda9bc54798a5211bdddb1507d) Importer(815301076,1909f56bfc062723c751e8b465ee728b)
Number of updated assets reloaded before import = 0
Start importing Assets/Prefabs/Cube.prefab using Guid(530345bda9bc54798a5211bdddb1507d) Importer(815301076,1909f56bfc062723c751e8b465ee728b)  -> (artifact id: '4e44150eb0b1bbcefe643037ae20d76a') in 0,010166 seconds 
Number of asset objects unloaded after import = 8
========================================================================
Received Import Request.
  Time since last request: 818,822858 seconds.
  path: Assets/Prefabs/Cube.prefab
  artifactKey: Guid(530345bda9bc54798a5211bdddb1507d) Importer(815301076,1909f56bfc062723c751e8b465ee728b)
Number of updated assets reloaded before import = 0
Start importing Assets/Prefabs/Cube.prefab using Guid(530345bda9bc54798a5211bdddb1507d) Importer(815301076,1909f56bfc062723c751e8b465ee728b)  -> (artifact id: '3bbab1fb08d58be9a29b814cb6dab773') in 0,009597 seconds 
Number of asset objects unloaded after import = 7
========================================================================
Received Import Request.
  Time since last request: 64,750653 seconds.
  path: Assets/Prefabs/Cube.prefab
  artifactKey: Guid(530345bda9bc54798a5211bdddb1507d) Importer(815301076,1909f56bfc062723c751e8b465ee728b)
Number of updated assets reloaded before import = 0
Start importing Assets/Prefabs/Cube.prefab using Guid(530345bda9bc54798a5211bdddb1507d) Importer(815301076,1909f56bfc062723c751e8b465ee728b)  -> (artifact id: '2639ecd514afebb18264ec39f37f4e3b') in 0,009528 seconds 
Number of asset objects unloaded after import = 7
========================================================================
Received Import Request.
  Time since last request: 63,658558 seconds.
  path: Assets/Prefabs/Cube.prefab
  artifactKey: Guid(530345bda9bc54798a5211bdddb1507d) Importer(815301076,1909f56bfc062723c751e8b465ee728b)
Number of updated assets reloaded before import = 0
Start importing Assets/Prefabs/Cube.prefab using Guid(530345bda9bc54798a5211bdddb1507d) Importer(815301076,1909f56bfc062723c751e8b465ee728b)  -> (artifact id: '2fb88a451765baceb26a9febf8d8acd5') in 0,006865 seconds 
Number of asset objects unloaded after import = 7
========================================================================
Received Import Request.
  Time since last request: 2,434198 seconds.
  path: Assets/Prefabs/Cube.prefab
  artifactKey: Guid(530345bda9bc54798a5211bdddb1507d) Importer(815301076,1909f56bfc062723c751e8b465ee728b)
Number of updated assets reloaded before import = 0
Start importing Assets/Prefabs/Cube.prefab using Guid(530345bda9bc54798a5211bdddb1507d) Importer(815301076,1909f56bfc062723c751e8b465ee728b)  -> (artifact id: '738bf8aa334ebbcf8a9c898e30b6c11f') in 0,007974 seconds 
Number of asset objects unloaded after import = 7
========================================================================
Received Import Request.
  Time since last request: 3,841250 seconds.
  path: Assets/Prefabs/Cube.prefab
  artifactKey: Guid(530345bda9bc54798a5211bdddb1507d) Importer(815301076,1909f56bfc062723c751e8b465ee728b)
Number of updated assets reloaded before import = 0
Start importing Assets/Prefabs/Cube.prefab using Guid(530345bda9bc54798a5211bdddb1507d) Importer(815301076,1909f56bfc062723c751e8b465ee728b)  -> (artifact id: '243bdf749f5d9dcd5d1398aa0473b438') in 0,010108 seconds 
Number of asset objects unloaded after import = 7
========================================================================
Received Import Request.
  Time since last request: 2,881441 seconds.
  path: Assets/Prefabs/Cube.prefab
  artifactKey: Guid(530345bda9bc54798a5211bdddb1507d) Importer(815301076,1909f56bfc062723c751e8b465ee728b)
Number of updated assets reloaded before import = 0
Start importing Assets/Prefabs/Cube.prefab using Guid(530345bda9bc54798a5211bdddb1507d) Importer(815301076,1909f56bfc062723c751e8b465ee728b)  -> (artifact id: '1eaa544d439fb38ac2ed828a6d78fd02') in 0,013304 seconds 
Number of asset objects unloaded after import = 7
========================================================================
Received Import Request.
  Time since last request: 1,988887 seconds.
  path: Assets/Prefabs/Cube.prefab
  artifactKey: Guid(530345bda9bc54798a5211bdddb1507d) Importer(815301076,1909f56bfc062723c751e8b465ee728b)
Number of updated assets reloaded before import = 0
Start importing Assets/Prefabs/Cube.prefab using Guid(530345bda9bc54798a5211bdddb1507d) Importer(815301076,1909f56bfc062723c751e8b465ee728b)  -> (artifact id: '4d6710cf2148c6d68beabb890a8df16a') in 0,009349 seconds 
Number of asset objects unloaded after import = 7
========================================================================
Received Import Request.
  Time since last request: 1,466326 seconds.
  path: Assets/Prefabs/Cube.prefab
  artifactKey: Guid(530345bda9bc54798a5211bdddb1507d) Importer(815301076,1909f56bfc062723c751e8b465ee728b)
Number of updated assets reloaded before import = 0
Start importing Assets/Prefabs/Cube.prefab using Guid(530345bda9bc54798a5211bdddb1507d) Importer(815301076,1909f56bfc062723c751e8b465ee728b)  -> (artifact id: 'ce2bad22794a986300758f4283fa4025') in 0,012323 seconds 
Number of asset objects unloaded after import = 7
========================================================================
Received Import Request.
  Time since last request: 2,381444 seconds.
  path: Assets/Prefabs/Cube.prefab
  artifactKey: Guid(530345bda9bc54798a5211bdddb1507d) Importer(815301076,1909f56bfc062723c751e8b465ee728b)
Number of updated assets reloaded before import = 0
Start importing Assets/Prefabs/Cube.prefab using Guid(530345bda9bc54798a5211bdddb1507d) Importer(815301076,1909f56bfc062723c751e8b465ee728b)  -> (artifact id: '4fbcd3a11f7e68f8498cc85d675e4196') in 0,007134 seconds 
Number of asset objects unloaded after import = 7
========================================================================
Received Import Request.
  Time since last request: 1,617431 seconds.
  path: Assets/Prefabs/Cube.prefab
  artifactKey: Guid(530345bda9bc54798a5211bdddb1507d) Importer(815301076,1909f56bfc062723c751e8b465ee728b)
Number of updated assets reloaded before import = 0
Start importing Assets/Prefabs/Cube.prefab using Guid(530345bda9bc54798a5211bdddb1507d) Importer(815301076,1909f56bfc062723c751e8b465ee728b)  -> (artifact id: '61d50c0236c5fbd90c133629f1abe3c4') in 0,011700 seconds 
Number of asset objects unloaded after import = 7
========================================================================
Received Import Request.
  Time since last request: 3,075927 seconds.
  path: Assets/Prefabs/Cube.prefab
  artifactKey: Guid(530345bda9bc54798a5211bdddb1507d) Importer(815301076,1909f56bfc062723c751e8b465ee728b)
Number of updated assets reloaded before import = 0
Start importing Assets/Prefabs/Cube.prefab using Guid(530345bda9bc54798a5211bdddb1507d) Importer(815301076,1909f56bfc062723c751e8b465ee728b)  -> (artifact id: '0ad15ab12135424f58b0611abff4c2f8') in 0,009859 seconds 
Number of asset objects unloaded after import = 7
========================================================================
Received Import Request.
  Time since last request: 9,672372 seconds.
  path: Assets/Prefabs/Cube.prefab
  artifactKey: Guid(530345bda9bc54798a5211bdddb1507d) Importer(815301076,1909f56bfc062723c751e8b465ee728b)
Number of updated assets reloaded before import = 0
Start importing Assets/Prefabs/Cube.prefab using Guid(530345bda9bc54798a5211bdddb1507d) Importer(815301076,1909f56bfc062723c751e8b465ee728b)  -> (artifact id: 'b05e5f652539696da1e2cd60c77331b5') in 0,006589 seconds 
Number of asset objects unloaded after import = 7
========================================================================
Received Import Request.
  Time since last request: 1,340281 seconds.
  path: Assets/Prefabs/Cube.prefab
  artifactKey: Guid(530345bda9bc54798a5211bdddb1507d) Importer(815301076,1909f56bfc062723c751e8b465ee728b)
Number of updated assets reloaded before import = 0
Start importing Assets/Prefabs/Cube.prefab using Guid(530345bda9bc54798a5211bdddb1507d) Importer(815301076,1909f56bfc062723c751e8b465ee728b)  -> (artifact id: '4c75ad9ed683c4e13177cc188d937799') in 0,009625 seconds 
Number of asset objects unloaded after import = 7
========================================================================
Received Import Request.
  Time since last request: 3,008327 seconds.
  path: Assets/Prefabs/Cube.prefab
  artifactKey: Guid(530345bda9bc54798a5211bdddb1507d) Importer(815301076,1909f56bfc062723c751e8b465ee728b)
Number of updated assets reloaded before import = 0
Start importing Assets/Prefabs/Cube.prefab using Guid(530345bda9bc54798a5211bdddb1507d) Importer(815301076,1909f56bfc062723c751e8b465ee728b)  -> (artifact id: 'aa2148c99fbee06dc7aea41c8b6c7d41') in 0,011871 seconds 
Number of asset objects unloaded after import = 7
========================================================================
Received Import Request.
  Time since last request: 4,128957 seconds.
  path: Assets/Prefabs/Cube.prefab
  artifactKey: Guid(530345bda9bc54798a5211bdddb1507d) Importer(815301076,1909f56bfc062723c751e8b465ee728b)
Number of updated assets reloaded before import = 0
Start importing Assets/Prefabs/Cube.prefab using Guid(530345bda9bc54798a5211bdddb1507d) Importer(815301076,1909f56bfc062723c751e8b465ee728b)  -> (artifact id: '9c11f50f76e01d7c3052adde492e2072') in 0,010350 seconds 
Number of asset objects unloaded after import = 7
========================================================================
Received Import Request.
  Time since last request: 2,189041 seconds.
  path: Assets/Prefabs/Cube.prefab
  artifactKey: Guid(530345bda9bc54798a5211bdddb1507d) Importer(815301076,1909f56bfc062723c751e8b465ee728b)
Number of updated assets reloaded before import = 0
Start importing Assets/Prefabs/Cube.prefab using Guid(530345bda9bc54798a5211bdddb1507d) Importer(815301076,1909f56bfc062723c751e8b465ee728b)  -> (artifact id: '14eda16dd744fb742ef7809ce5c76fad') in 0,008840 seconds 
Number of asset objects unloaded after import = 7
========================================================================
Received Import Request.
  Time since last request: 1,199981 seconds.
  path: Assets/Prefabs/Cube.prefab
  artifactKey: Guid(530345bda9bc54798a5211bdddb1507d) Importer(815301076,1909f56bfc062723c751e8b465ee728b)
Number of updated assets reloaded before import = 0
Start importing Assets/Prefabs/Cube.prefab using Guid(530345bda9bc54798a5211bdddb1507d) Importer(815301076,1909f56bfc062723c751e8b465ee728b)  -> (artifact id: 'f6966942d80cd082ccec17d685bca2cf') in 0,011162 seconds 
Number of asset objects unloaded after import = 7
========================================================================
Received Import Request.
  Time since last request: 2,652900 seconds.
  path: Assets/Prefabs/Cube.prefab
  artifactKey: Guid(530345bda9bc54798a5211bdddb1507d) Importer(815301076,1909f56bfc062723c751e8b465ee728b)
Number of updated assets reloaded before import = 0
Start importing Assets/Prefabs/Cube.prefab using Guid(530345bda9bc54798a5211bdddb1507d) Importer(815301076,1909f56bfc062723c751e8b465ee728b)  -> (artifact id: '7cb641035b8ccf78854f63044f13a3e1') in 0,010957 seconds 
Number of asset objects unloaded after import = 7
========================================================================
Received Import Request.
  Time since last request: 5,509950 seconds.
  path: Assets/Prefabs/Cube.prefab
  artifactKey: Guid(530345bda9bc54798a5211bdddb1507d) Importer(815301076,1909f56bfc062723c751e8b465ee728b)
Number of updated assets reloaded before import = 0
Start importing Assets/Prefabs/Cube.prefab using Guid(530345bda9bc54798a5211bdddb1507d) Importer(815301076,1909f56bfc062723c751e8b465ee728b)  -> (artifact id: '24b58f6659ffd1589bebe71d17b6e56b') in 0,009193 seconds 
Number of asset objects unloaded after import = 7
========================================================================
Received Import Request.
  Time since last request: 111,984558 seconds.
  path: ProjectSettings/TagManager.asset
  artifactKey: Guid(00000000000000003000000000000000) Importer(815301076,1909f56bfc062723c751e8b465ee728b)
Number of updated assets reloaded before import = 0
Start importing ProjectSettings/TagManager.asset using Guid(00000000000000003000000000000000) Importer(815301076,1909f56bfc062723c751e8b465ee728b)  -> (artifact id: '6cc541397077f2a343b64f42012ad313') in 0,001567 seconds 
Number of asset objects unloaded after import = 0
========================================================================
Received Import Request.
  Time since last request: 30,272282 seconds.
  path: Assets/Prefabs/Cube.prefab
  artifactKey: Guid(530345bda9bc54798a5211bdddb1507d) Importer(815301076,1909f56bfc062723c751e8b465ee728b)
Number of updated assets reloaded before import = 0
Start importing Assets/Prefabs/Cube.prefab using Guid(530345bda9bc54798a5211bdddb1507d) Importer(815301076,1909f56bfc062723c751e8b465ee728b)  -> (artifact id: '5dc831ef626471bffc83400ef1526c90') in 0,006328 seconds 
Number of asset objects unloaded after import = 7
========================================================================
Received Import Request.
  Time since last request: 2502,388286 seconds.
  path: Assets/Prefabs/New Material.mat
  artifactKey: Guid(c81d7e8a840a13e2cbdacb31fd1969f9) Importer(815301076,1909f56bfc062723c751e8b465ee728b)
Number of updated assets reloaded before import = 0
Start importing Assets/Prefabs/New Material.mat using Guid(c81d7e8a840a13e2cbdacb31fd1969f9) Importer(815301076,1909f56bfc062723c751e8b465ee728b)  -> (artifact id: 'ed2d4bd751e31f3a06cfdbaf27d83c9c') in 0,058587 seconds 
Number of asset objects unloaded after import = 1
========================================================================
Received Import Request.
  Time since last request: 16,436436 seconds.
  path: Assets/Material/Dorado.mat
  artifactKey: Guid(b8dc90f03608841bbb2257ba1190dd85) Importer(815301076,1909f56bfc062723c751e8b465ee728b)
Number of updated assets reloaded before import = 0
Start importing Assets/Material/Dorado.mat using Guid(b8dc90f03608841bbb2257ba1190dd85) Importer(815301076,1909f56bfc062723c751e8b465ee728b)  -> (artifact id: '78344b465bd21eac87983a29375b5ecd') in 0,012080 seconds 
Number of asset objects unloaded after import = 1
========================================================================
Received Import Request.
  Time since last request: 152,522884 seconds.
  path: Assets/Prefabs
  artifactKey: Guid(c38d09dbaba32d5cba75ed42a771d7e0) Importer(815301076,1909f56bfc062723c751e8b465ee728b)
Number of updated assets reloaded before import = 0
Start importing Assets/Prefabs using Guid(c38d09dbaba32d5cba75ed42a771d7e0) Importer(815301076,1909f56bfc062723c751e8b465ee728b)  -> (artifact id: '47d03afa12b7828d56fc611d1423aa80') in 0,001100 seconds 
Number of asset objects unloaded after import = 0
========================================================================
Received Import Request.
  Time since last request: 5,880669 seconds.
  path: Assets/Prefabs/Cube.prefab
  artifactKey: Guid(530345bda9bc54798a5211bdddb1507d) Importer(815301076,1909f56bfc062723c751e8b465ee728b)
Number of updated assets reloaded before import = 0
Start importing Assets/Prefabs/Cube.prefab using Guid(530345bda9bc54798a5211bdddb1507d) Importer(815301076,1909f56bfc062723c751e8b465ee728b)  -> (artifact id: '83262f3ba582f0c51516fa05a3570606') in 0,013766 seconds 
Number of asset objects unloaded after import = 8
========================================================================
Received Import Request.
  Time since last request: 285,880518 seconds.
  path: Assets/Script/rotation.cs
  artifactKey: Guid(7571b6e3567706e57a5bb82bbab11ba6) Importer(815301076,1909f56bfc062723c751e8b465ee728b)
Number of updated assets reloaded before import = 0
Start importing Assets/Script/rotation.cs using Guid(7571b6e3567706e57a5bb82bbab11ba6) Importer(815301076,1909f56bfc062723c751e8b465ee728b)  -> (artifact id: '41ccfd1bbfbf568d9f9cd825a881184c') in 0,001503 seconds 
Number of asset objects unloaded after import = 0
